{"C:\\Adam\\studies\\GL4\\sem2\\test logiciel\\tp1\\src\\randomUser.js": {"path":"C:\\Adam\\studies\\GL4\\sem2\\test logiciel\\tp1\\src\\randomUser.js","all":false,"statementMap":{"0":{"start":{"line":1,"column":0},"end":{"line":1,"column":41}},"1":{"start":{"line":2,"column":0},"end":{"line":2,"column":61}},"2":{"start":{"line":3,"column":0},"end":{"line":3,"column":21}},"3":{"start":{"line":4,"column":0},"end":{"line":4,"column":51}},"4":{"start":{"line":5,"column":0},"end":{"line":5,"column":3}},"5":{"start":{"line":6,"column":0},"end":{"line":6,"column":37}},"6":{"start":{"line":7,"column":0},"end":{"line":7,"column":94}},"7":{"start":{"line":8,"column":0},"end":{"line":8,"column":1}}},"s":{"0":1,"1":1,"2":1,"3":0,"4":0,"5":1,"6":1,"7":1},"branchMap":{"0":{"type":"branch","line":1,"loc":{"start":{"line":1,"column":7},"end":{"line":8,"column":1}},"locations":[{"start":{"line":1,"column":7},"end":{"line":8,"column":1}}]},"1":{"type":"branch","line":3,"loc":{"start":{"line":3,"column":20},"end":{"line":5,"column":3}},"locations":[{"start":{"line":3,"column":20},"end":{"line":5,"column":3}}]}},"b":{"0":[1],"1":[0]},"fnMap":{"0":{"name":"fetchRandomUser","decl":{"start":{"line":1,"column":7},"end":{"line":8,"column":1}},"loc":{"start":{"line":1,"column":7},"end":{"line":8,"column":1}},"line":1}},"f":{"0":1}}
}
